{
  message: 'Database connected successfully',
  level: 'info',
  label: 'ph',
  timestamp: '2023-06-02T11:01:37.405Z'
}
{
  message: 'Example app listening on port 5000',
  level: 'info',
  label: 'ph',
  timestamp: '2023-06-02T11:01:37.429Z'
}
Fri Jun 02 2023  17 : 3 : 13 [ph] info: Database connected successfully
Fri Jun 02 2023  17 : 3 : 13 [ph] info: Example app listening on port 5000
Fri Jun 02 2023  17 : 5 : 51 [ph] info: Database connected successfully
Fri Jun 02 2023  17 : 5 : 51 [ph] info: Example app listening on port 5000
Fri Jun 02 2023  17 : 26 : 2 [ph] info: Database connected successfully
Fri Jun 02 2023  17 : 26 : 2 [ph] info: Example app listening on port 5000
Fri Jun 02 2023  17 : 59 : 16 [ph] info: Database connected successfully
Fri Jun 02 2023  17 : 59 : 16 [ph] info: Example app listening on port 5000
Fri Jun 02 2023  17 : 59 : 31 [ph] info: Database connected successfully
Fri Jun 02 2023  17 : 59 : 31 [ph] info: Example app listening on port 5000
